2022-10-22 19:12:28 Debug: duration=2 rows=1 SHOW TABLES FROM `curso`
2022-10-22 19:13:01 Debug: duration=2 rows=1 SHOW TABLES FROM `curso`
2022-10-22 19:13:01 Debug: duration=9 rows=6 SHOW FULL COLUMNS FROM `clientes`
2022-10-22 19:13:01 Debug: duration=0 rows=1 SHOW INDEXES FROM `clientes`
2022-10-22 19:13:01 Debug: duration=9 rows=0 SELECT * FROM information_schema.key_column_usage AS kcu
            INNER JOIN information_schema.referential_constraints AS rc
            ON (
                kcu.CONSTRAINT_NAME = rc.CONSTRAINT_NAME
                AND kcu.CONSTRAINT_SCHEMA = rc.CONSTRAINT_SCHEMA
            )
            WHERE kcu.TABLE_SCHEMA = 'curso' AND kcu.TABLE_NAME = 'clientes' AND rc.TABLE_NAME = 'clientes'
2022-10-22 19:13:01 Debug: duration=1 rows=1 SHOW TABLE STATUS WHERE Name = 'clientes'
2022-10-22 19:13:02 Debug: duration=10 rows=6 SHOW FULL COLUMNS FROM `clientes`
2022-10-22 19:13:02 Debug: duration=0 rows=1 SHOW INDEXES FROM `clientes`
2022-10-22 19:13:02 Debug: duration=9 rows=0 SELECT * FROM information_schema.key_column_usage AS kcu
            INNER JOIN information_schema.referential_constraints AS rc
            ON (
                kcu.CONSTRAINT_NAME = rc.CONSTRAINT_NAME
                AND kcu.CONSTRAINT_SCHEMA = rc.CONSTRAINT_SCHEMA
            )
            WHERE kcu.TABLE_SCHEMA = 'curso' AND kcu.TABLE_NAME = 'clientes' AND rc.TABLE_NAME = 'clientes'
2022-10-22 19:13:02 Debug: duration=1 rows=1 SHOW TABLE STATUS WHERE Name = 'clientes'
2022-10-22 19:17:34 Debug: duration=10 rows=6 SHOW FULL COLUMNS FROM `clientes`
2022-10-22 19:17:34 Debug: duration=0 rows=1 SHOW INDEXES FROM `clientes`
2022-10-22 19:17:34 Debug: duration=9 rows=0 SELECT * FROM information_schema.key_column_usage AS kcu
            INNER JOIN information_schema.referential_constraints AS rc
            ON (
                kcu.CONSTRAINT_NAME = rc.CONSTRAINT_NAME
                AND kcu.CONSTRAINT_SCHEMA = rc.CONSTRAINT_SCHEMA
            )
            WHERE kcu.TABLE_SCHEMA = 'curso' AND kcu.TABLE_NAME = 'clientes' AND rc.TABLE_NAME = 'clientes'
2022-10-22 19:17:34 Debug: duration=1 rows=1 SHOW TABLE STATUS WHERE Name = 'clientes'
2022-10-22 19:17:34 Debug: duration=0 rows=0 SELECT Clientes.id AS `Clientes__id`, Clientes.nome AS `Clientes__nome`, Clientes.password AS `Clientes__password`, Clientes.email AS `Clientes__email`, Clientes.phone AS `Clientes__phone`, Clientes.modified AS `Clientes__modified` FROM clientes Clientes LIMIT 20 OFFSET 0
2022-10-22 19:17:34 Debug: duration=0 rows=1 SELECT (COUNT(*)) AS `count` FROM clientes Clientes
2022-10-22 19:17:52 Debug: duration=2 rows=0 SELECT Clientes.id AS `Clientes__id`, Clientes.nome AS `Clientes__nome`, Clientes.password AS `Clientes__password`, Clientes.email AS `Clientes__email`, Clientes.phone AS `Clientes__phone`, Clientes.modified AS `Clientes__modified` FROM clientes Clientes ORDER BY Clientes.email asc LIMIT 20 OFFSET 0
2022-10-22 19:17:52 Debug: duration=1 rows=1 SELECT (COUNT(*)) AS `count` FROM clientes Clientes
2022-10-22 19:17:54 Debug: duration=1 rows=0 SELECT Clientes.id AS `Clientes__id`, Clientes.nome AS `Clientes__nome`, Clientes.password AS `Clientes__password`, Clientes.email AS `Clientes__email`, Clientes.phone AS `Clientes__phone`, Clientes.modified AS `Clientes__modified` FROM clientes Clientes ORDER BY Clientes.email desc LIMIT 20 OFFSET 0
2022-10-22 19:17:54 Debug: duration=1 rows=1 SELECT (COUNT(*)) AS `count` FROM clientes Clientes
2022-10-22 19:17:57 Debug: duration=1 rows=0 SELECT Clientes.id AS `Clientes__id`, Clientes.nome AS `Clientes__nome`, Clientes.password AS `Clientes__password`, Clientes.email AS `Clientes__email`, Clientes.phone AS `Clientes__phone`, Clientes.modified AS `Clientes__modified` FROM clientes Clientes ORDER BY Clientes.email asc LIMIT 20 OFFSET 0
2022-10-22 19:17:57 Debug: duration=0 rows=1 SELECT (COUNT(*)) AS `count` FROM clientes Clientes
2022-10-22 19:18:02 Debug: duration=1 rows=0 SELECT Clientes.id AS `Clientes__id`, Clientes.nome AS `Clientes__nome`, Clientes.password AS `Clientes__password`, Clientes.email AS `Clientes__email`, Clientes.phone AS `Clientes__phone`, Clientes.modified AS `Clientes__modified` FROM clientes Clientes ORDER BY Clientes.nome asc LIMIT 20 OFFSET 0
2022-10-22 19:18:02 Debug: duration=0 rows=1 SELECT (COUNT(*)) AS `count` FROM clientes Clientes
2022-10-22 19:20:51 Debug: duration=11 rows=6 SHOW FULL COLUMNS FROM `clientes`
2022-10-22 19:20:51 Debug: duration=0 rows=1 SHOW INDEXES FROM `clientes`
2022-10-22 19:20:51 Debug: duration=9 rows=0 SELECT * FROM information_schema.key_column_usage AS kcu
            INNER JOIN information_schema.referential_constraints AS rc
            ON (
                kcu.CONSTRAINT_NAME = rc.CONSTRAINT_NAME
                AND kcu.CONSTRAINT_SCHEMA = rc.CONSTRAINT_SCHEMA
            )
            WHERE kcu.TABLE_SCHEMA = 'curso' AND kcu.TABLE_NAME = 'clientes' AND rc.TABLE_NAME = 'clientes'
2022-10-22 19:20:51 Debug: duration=1 rows=1 SHOW TABLE STATUS WHERE Name = 'clientes'
2022-10-22 19:20:51 Debug: duration=0 rows=0 BEGIN
2022-10-22 19:20:51 Debug: duration=0 rows=0 SELECT 1 AS `existing` FROM clientes Clientes WHERE Clientes.email = 'brunoaguilaresilva@hotmail.com' LIMIT 1
2022-10-22 19:20:51 Debug: duration=0 rows=1 INSERT INTO clientes (nome, password, email, phone, modified) VALUES ('Bruno Aguilar e Silva', 'estudar2022', 'brunoaguilaresilva@hotmail.com', '34 991956400', '2022-10-22 19:20:51')
2022-10-22 19:20:51 Debug: duration=0 rows=0 COMMIT
2022-10-22 19:20:51 Debug: duration=2 rows=1 SELECT Clientes.id AS `Clientes__id`, Clientes.nome AS `Clientes__nome`, Clientes.password AS `Clientes__password`, Clientes.email AS `Clientes__email`, Clientes.phone AS `Clientes__phone`, Clientes.modified AS `Clientes__modified` FROM clientes Clientes LIMIT 20 OFFSET 0
2022-10-22 19:20:51 Debug: duration=0 rows=1 SELECT (COUNT(*)) AS `count` FROM clientes Clientes
2022-10-22 19:31:17 Debug: duration=10 rows=6 SHOW FULL COLUMNS FROM `clientes`
2022-10-22 19:31:17 Debug: duration=0 rows=1 SHOW INDEXES FROM `clientes`
2022-10-22 19:31:17 Debug: duration=9 rows=0 SELECT * FROM information_schema.key_column_usage AS kcu
            INNER JOIN information_schema.referential_constraints AS rc
            ON (
                kcu.CONSTRAINT_NAME = rc.CONSTRAINT_NAME
                AND kcu.CONSTRAINT_SCHEMA = rc.CONSTRAINT_SCHEMA
            )
            WHERE kcu.TABLE_SCHEMA = 'curso' AND kcu.TABLE_NAME = 'clientes' AND rc.TABLE_NAME = 'clientes'
2022-10-22 19:31:17 Debug: duration=1 rows=1 SHOW TABLE STATUS WHERE Name = 'clientes'
2022-10-22 19:39:38 Debug: duration=10 rows=6 SHOW FULL COLUMNS FROM `clientes`
2022-10-22 19:39:38 Debug: duration=0 rows=1 SHOW INDEXES FROM `clientes`
2022-10-22 19:39:38 Debug: duration=9 rows=0 SELECT * FROM information_schema.key_column_usage AS kcu
            INNER JOIN information_schema.referential_constraints AS rc
            ON (
                kcu.CONSTRAINT_NAME = rc.CONSTRAINT_NAME
                AND kcu.CONSTRAINT_SCHEMA = rc.CONSTRAINT_SCHEMA
            )
            WHERE kcu.TABLE_SCHEMA = 'curso' AND kcu.TABLE_NAME = 'clientes' AND rc.TABLE_NAME = 'clientes'
2022-10-22 19:39:38 Debug: duration=1 rows=1 SHOW TABLE STATUS WHERE Name = 'clientes'
